<?xml version="1.0" encoding="UTF-8"?>
<!-- Generated by org.testng.reporters.JUnitReportReporter -->
<testsuite hostname="DESKTOP-72IBUN9" failures="0" tests="2" name="tanmay_.string_calculator.TestCalculator" time="0.009" errors="0" timestamp="2021-02-28T00:48:33 IST" skipped="0">
  <testcase classname="tanmay_.string_calculator.TestCalculator" name="singleValueReturned" time="0.001"/>
  <system-out/>
  <testcase classname="tanmay_.string_calculator.TestCalculator" name="emptyStringReturnsZero" time="0.008"/>
  <system-out/>
</testsuite> <!-- tanmay_.string_calculator.TestCalculator -->
