<?xml version="1.0" encoding="UTF-8"?>
<!-- Generated by org.testng.reporters.JUnitReportReporter -->
<testsuite hostname="DESKTOP-72IBUN9" failures="0" tests="5" name="tanmay_.string_calculator.TestCalculator" time="0.013" errors="0" timestamp="2021-02-28T03:07:38 IST" skipped="0">
  <testcase classname="tanmay_.string_calculator.TestCalculator" name="twoNumbersSumNewLineDelimiter" time="0.002"/>
  <system-out/>
  <testcase classname="tanmay_.string_calculator.TestCalculator" name="emptyStringReturnsZero" time="0.007"/>
  <system-out/>
  <testcase classname="tanmay_.string_calculator.TestCalculator" name="singleValueReturned" time="0.001"/>
  <system-out/>
  <testcase classname="tanmay_.string_calculator.TestCalculator" name="moreThanTwoNumbersSumBothWaysDelimiter" time="0.002"/>
  <system-out/>
  <testcase classname="tanmay_.string_calculator.TestCalculator" name="twoNumbersSumCommaDelimiter" time="0.001"/>
  <system-out/>
</testsuite> <!-- tanmay_.string_calculator.TestCalculator -->
