<?xml version="1.0" encoding="UTF-8"?>
<!-- Generated by org.testng.reporters.JUnitReportReporter -->
<testsuite hostname="DESKTOP-72IBUN9" failures="0" tests="7" name="tanmay_.string_calculator.TestCalculator" time="0.021" errors="0" timestamp="2021-02-28T13:07:24 IST" skipped="0">
  <testcase classname="tanmay_.string_calculator.TestCalculator" name="negetiveNumberThrowsException" time="0.001"/>
  <system-out/>
  <testcase classname="tanmay_.string_calculator.TestCalculator" name="singleValueReturned" time="0.003"/>
  <system-out/>
  <testcase classname="tanmay_.string_calculator.TestCalculator" name="twoNumbersSumCommaDelimiter" time="0.003"/>
  <system-out/>
  <testcase classname="tanmay_.string_calculator.TestCalculator" name="moreThanTwoNumbersSumBothWaysDelimiter" time="0.001"/>
  <system-out/>
  <testcase classname="tanmay_.string_calculator.TestCalculator" name="twoNumbersSumNewLineDelimiter" time="0.002"/>
  <system-out/>
  <testcase classname="tanmay_.string_calculator.TestCalculator" name="emptyStringReturnsZero" time="0.009"/>
  <system-out/>
  <testcase classname="tanmay_.string_calculator.TestCalculator" name="ignoreNumberGreaterThan1000" time="0.002"/>
  <system-out/>
</testsuite> <!-- tanmay_.string_calculator.TestCalculator -->
